[debug] [2022-12-21T12:04:50.875Z] ----------------------------------------------------------------------
[debug] [2022-12-21T12:04:50.876Z] Command:       C:\Program Files\nodejs\node.exe C:\Users\thats\AppData\Roaming\npm\node_modules\firebase-tools\lib\bin\firebase.js init
[debug] [2022-12-21T12:04:50.877Z] CLI Version:   11.19.0
[debug] [2022-12-21T12:04:50.877Z] Platform:      win32
[debug] [2022-12-21T12:04:50.877Z] Node Version:  v16.17.1
[debug] [2022-12-21T12:04:50.878Z] Time:          Wed Dec 21 2022 17:34:50 GMT+0530 (India Standard Time)
[debug] [2022-12-21T12:04:50.878Z] ----------------------------------------------------------------------
[debug] 
[debug] [2022-12-21T12:04:50.885Z] > command requires scopes: ["email","openid","https://www.googleapis.com/auth/cloudplatformprojects.readonly","https://www.googleapis.com/auth/firebase","https://www.googleapis.com/auth/cloud-platform"]
[debug] [2022-12-21T12:04:50.885Z] > authorizing via signed-in user (togaurav20@gmail.com)
[info] 
     ######## #### ########  ######## ########     ###     ######  ########
     ##        ##  ##     ## ##       ##     ##  ##   ##  ##       ##
     ######    ##  ########  ######   ########  #########  ######  ######
     ##        ##  ##    ##  ##       ##     ## ##     ##       ## ##
     ##       #### ##     ## ######## ########  ##     ##  ######  ########

You're about to initialize a Firebase project in this directory:

  C:\Users\thats\OneDrive\Desktop\dapp-social-media-app\decentralized-social-media-app

[info] 
=== Project Setup
[info] 
[info] First, let's associate this project directory with a Firebase project.
[info] You can create multiple project aliases by running firebase use --add, 
[info] but for now we'll just set up a default project.
[info] 
[debug] [2022-12-21T12:05:10.364Z] >>> [apiv2][query] GET https://firebase.googleapis.com/v1beta1/projects pageSize=100
[debug] [2022-12-21T12:05:11.146Z] <<< [apiv2][status] GET https://firebase.googleapis.com/v1beta1/projects 200
[debug] [2022-12-21T12:05:11.146Z] <<< [apiv2][body] GET https://firebase.googleapis.com/v1beta1/projects [omitted]
[info] i  Using project talkdaaps (TALKDAAPS) 
[info] 
=== Hosting Setup
[info] 
[info] Your public directory is the folder (relative to your project directory) that
[info] will contain Hosting assets to be uploaded with firebase deploy. If you
[info] have a build process for your assets, use your build's output directory.
[info] 
[debug] [2022-12-21T12:06:55.884Z] >>> [apiv2][query] GET https://www.gstatic.com/firebasejs/releases.json [none]
[debug] [2022-12-21T12:06:56.074Z] <<< [apiv2][status] GET https://www.gstatic.com/firebasejs/releases.json 200
[debug] [2022-12-21T12:06:56.075Z] <<< [apiv2][body] GET https://www.gstatic.com/firebasejs/releases.json {"current":{"version":"9.15.0","browserURL":"https://www.gstatic.com/firebasejs/9.15.0/firebase.js","packageURL":"https://www.gstatic.com/firebasejs/9.15.0/firebase.tgz"},"live":{"version":"9.15","browserURL":"https://www.gstatic.com/firebasejs/live/9.15/firebase.js","packageURL":"https://www.gstatic.com/firebasejs/live/9.15/firebase.tgz"},"components":{"analytics":"https://www.gstatic.com/firebasejs/9.15.0/firebase-analytics.js","app":"https://www.gstatic.com/firebasejs/9.15.0/firebase-app.js","app-check":"https://www.gstatic.com/firebasejs/9.15.0/firebase-app-check.js","auth":"https://www.gstatic.com/firebasejs/9.15.0/firebase-auth.js","auth/cordova":"https://www.gstatic.com/firebasejs/9.15.0/firebase-auth/cordova.js","auth/react-native":"https://www.gstatic.com/firebasejs/9.15.0/firebase-auth/react-native.js","functions":"https://www.gstatic.com/firebasejs/9.15.0/firebase-functions.js","firestore":"https://www.gstatic.com/firebasejs/9.15.0/firebase-firestore.js","firestore/lite":"https://www.gstatic.com/firebasejs/9.15.0/firebase-firestore/lite.js","installations":"https://www.gstatic.com/firebasejs/9.15.0/firebase-installations.js","storage":"https://www.gstatic.com/firebasejs/9.15.0/firebase-storage.js","performance":"https://www.gstatic.com/firebasejs/9.15.0/firebase-performance.js","remote-config":"https://www.gstatic.com/firebasejs/9.15.0/firebase-remote-config.js","messaging":"https://www.gstatic.com/firebasejs/9.15.0/firebase-messaging.js","messaging/sw":"https://www.gstatic.com/firebasejs/9.15.0/firebase-messaging/sw.js","database":"https://www.gstatic.com/firebasejs/9.15.0/firebase-database.js","firestore.memory":"https://www.gstatic.com/firebasejs/9.15.0/firebase-firestore.memory.js"}}
[info] +  Wrote build/index.html 
[info] 
[info] i  Detected a .git folder at C:\Users\thats\OneDrive\Desktop\dapp-social-media-app 
[info] i  Authorizing with GitHub to upload your service account to a GitHub repository's secrets store. 
[info] 
[info] Visit this URL on this device to log in:
[info] https://github.com/login/oauth/authorize?client_id=89cf50f02ac6aaed3484&state=348721774&redirect_uri=http%3A%2F%2Flocalhost%3A9005&scope=read%3Auser%20repo%20public_repo
[info] 
[info] Waiting for authentication...
[debug] [2022-12-21T12:07:05.067Z] >>> [apiv2][query] POST https://github.com/login/oauth/access_token [none]
[debug] [2022-12-21T12:07:05.067Z] >>> [apiv2][body] POST https://github.com/login/oauth/access_token [stream]
[debug] [2022-12-21T12:07:05.487Z] <<< [apiv2][status] POST https://github.com/login/oauth/access_token 200
[debug] [2022-12-21T12:07:05.487Z] <<< [apiv2][body] POST https://github.com/login/oauth/access_token {"access_token":"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","token_type":"bearer","scope":"read:user,repo"}
[debug] [2022-12-21T12:07:05.491Z] >>> [apiv2][query] GET https://api.github.com/user [none]
[debug] [2022-12-21T12:07:05.886Z] <<< [apiv2][status] GET https://api.github.com/user 200
[debug] [2022-12-21T12:07:05.887Z] <<< [apiv2][body] GET https://api.github.com/user {"login":"Thatsgaurav","id":76627244,"node_id":"MDQ6VXNlcjc2NjI3MjQ0","avatar_url":"https://avatars.githubusercontent.com/u/76627244?v=4","gravatar_id":"","url":"https://api.github.com/users/Thatsgaurav","html_url":"https://github.com/Thatsgaurav","followers_url":"https://api.github.com/users/Thatsgaurav/followers","following_url":"https://api.github.com/users/Thatsgaurav/following{/other_user}","gists_url":"https://api.github.com/users/Thatsgaurav/gists{/gist_id}","starred_url":"https://api.github.com/users/Thatsgaurav/starred{/owner}{/repo}","subscriptions_url":"https://api.github.com/users/Thatsgaurav/subscriptions","organizations_url":"https://api.github.com/users/Thatsgaurav/orgs","repos_url":"https://api.github.com/users/Thatsgaurav/repos","events_url":"https://api.github.com/users/Thatsgaurav/events{/privacy}","received_events_url":"https://api.github.com/users/Thatsgaurav/received_events","type":"User","site_admin":false,"name":"Gaurav Singh","company":"Easyemm","blog":"gaurav.vercel.app","location":"Gurgaon ","email":null,"hireable":null,"bio":"Eat, Sleep, Code, Repeat.\r\n","twitter_username":"Thatsgaurav20","public_repos":46,"public_gists":0,"followers":7,"following":38,"created_at":"2020-12-26T18:21:51Z","updated_at":"2022-12-12T16:38:47Z","private_gists":0,"total_private_repos":0,"owned_private_repos":0,"disk_usage":121330,"collaborators":0,"two_factor_authentication":false,"plan":{"name":"pro","space":976562499,"collaborators":0,"private_repos":9999}}
[info] 
[info] +  Success! Logged into GitHub as Thatsgaurav 
[info] 
